<?xml version="1.0" encoding="UTF-8"?>
<testsuite xmlns:xsi="http://www.w3.org/2001/XMLSchema-instance" xsi:noNamespaceSchemaLocation="https://maven.apache.org/surefire/maven-surefire-plugin/xsd/surefire-test-report-3.0.xsd" version="3.0" name="org.movium.GreetingResourceTest" time="87.651" tests="1" errors="0" skipped="0" failures="0">
  <properties>
    <property name="java.specification.version" value="17"/>
    <property name="test.url" value="http://localhost:8081"/>
    <property name="sun.jnu.encoding" value="UTF-8"/>
    <property name="java.class.path" value="/Users/wzore/Documents/repos/moovium/target/test-classes:/Users/wzore/Documents/repos/moovium/target/classes:/Users/wzore/.m2/repository/io/quarkus/quarkus-hibernate-orm/2.6.1.Final/quarkus-hibernate-orm-2.6.1.Final.jar:/Users/wzore/.m2/repository/io/quarkus/quarkus-core/2.6.1.Final/quarkus-core-2.6.1.Final.jar:/Users/wzore/.m2/repository/jakarta/annotation/jakarta.annotation-api/1.3.5/jakarta.annotation-api-1.3.5.jar:/Users/wzore/.m2/repository/jakarta/enterprise/jakarta.enterprise.cdi-api/2.0.2/jakarta.enterprise.cdi-api-2.0.2.jar:/Users/wzore/.m2/repository/jakarta/el/jakarta.el-api/3.0.3/jakarta.el-api-3.0.3.jar:/Users/wzore/.m2/repository/jakarta/interceptor/jakarta.interceptor-api/1.2.5/jakarta.interceptor-api-1.2.5.jar:/Users/wzore/.m2/repository/jakarta/inject/jakarta.inject-api/1.0/jakarta.inject-api-1.0.jar:/Users/wzore/.m2/repository/io/quarkus/quarkus-ide-launcher/2.6.1.Final/quarkus-ide-launcher-2.6.1.Final.jar:/Users/wzore/.m2/repository/io/quarkus/quarkus-development-mode-spi/2.6.1.Final/quarkus-development-mode-spi-2.6.1.Final.jar:/Users/wzore/.m2/repository/io/smallrye/config/smallrye-config/2.7.0/smallrye-config-2.7.0.jar:/Users/wzore/.m2/repository/io/smallrye/config/smallrye-config-core/2.7.0/smallrye-config-core-2.7.0.jar:/Users/wzore/.m2/repository/org/eclipse/microprofile/config/microprofile-config-api/2.0/microprofile-config-api-2.0.jar:/Users/wzore/.m2/repository/io/smallrye/common/smallrye-common-expression/1.8.0/smallrye-common-expression-1.8.0.jar:/Users/wzore/.m2/repository/io/smallrye/common/smallrye-common-function/1.8.0/smallrye-common-function-1.8.0.jar:/Users/wzore/.m2/repository/io/smallrye/common/smallrye-common-constraint/1.8.0/smallrye-common-constraint-1.8.0.jar:/Users/wzore/.m2/repository/io/smallrye/common/smallrye-common-classloader/1.8.0/smallrye-common-classloader-1.8.0.jar:/Users/wzore/.m2/repository/io/smallrye/config/smallrye-config-common/2.7.0/smallrye-config-common-2.7.0.jar:/Users/wzore/.m2/repository/org/jboss/logging/jboss-logging/3.4.2.Final/jboss-logging-3.4.2.Final.jar:/Users/wzore/.m2/repository/org/jboss/logmanager/jboss-logmanager-embedded/1.0.9/jboss-logmanager-embedded-1.0.9.jar:/Users/wzore/.m2/repository/org/jboss/logging/jboss-logging-annotations/2.2.1.Final/jboss-logging-annotations-2.2.1.Final.jar:/Users/wzore/.m2/repository/org/jboss/threads/jboss-threads/3.4.2.Final/jboss-threads-3.4.2.Final.jar:/Users/wzore/.m2/repository/org/slf4j/slf4j-api/1.7.30/slf4j-api-1.7.30.jar:/Users/wzore/.m2/repository/org/jboss/slf4j/slf4j-jboss-logmanager/1.1.0.Final/slf4j-jboss-logmanager-1.1.0.Final.jar:/Users/wzore/.m2/repository/org/graalvm/sdk/graal-sdk/21.3.0/graal-sdk-21.3.0.jar:/Users/wzore/.m2/repository/org/wildfly/common/wildfly-common/1.5.4.Final-format-001/wildfly-common-1.5.4.Final-format-001.jar:/Users/wzore/.m2/repository/io/quarkus/quarkus-bootstrap-runner/2.6.1.Final/quarkus-bootstrap-runner-2.6.1.Final.jar:/Users/wzore/.m2/repository/io/quarkus/quarkus-fs-util/0.0.3/quarkus-fs-util-0.0.3.jar:/Users/wzore/.m2/repository/io/quarkus/quarkus-agroal/2.6.1.Final/quarkus-agroal-2.6.1.Final.jar:/Users/wzore/.m2/repository/io/quarkus/quarkus-datasource/2.6.1.Final/quarkus-datasource-2.6.1.Final.jar:/Users/wzore/.m2/repository/io/quarkus/quarkus-datasource-common/2.6.1.Final/quarkus-datasource-common-2.6.1.Final.jar:/Users/wzore/.m2/repository/org/jboss/narayana/jta/narayana-jta/5.12.4.Final/narayana-jta-5.12.4.Final.jar:/Users/wzore/.m2/repository/org/jboss/jboss-transaction-spi/7.6.0.Final/jboss-transaction-spi-7.6.0.Final.jar:/Users/wzore/.m2/repository/org/jboss/spec/javax/resource/jboss-connector-api_1.7_spec/1.0.0.Final/jboss-connector-api_1.7_spec-1.0.0.Final.jar:/Users/wzore/.m2/repository/org/jboss/narayana/jts/narayana-jts-integration/5.12.4.Final/narayana-jts-integration-5.12.4.Final.jar:/Users/wzore/.m2/repository/io/agroal/agroal-api/1.14/agroal-api-1.14.jar:/Users/wzore/.m2/repository/io/agroal/agroal-narayana/1.14/agroal-narayana-1.14.jar:/Users/wzore/.m2/repository/io/agroal/agroal-pool/1.14/agroal-pool-1.14.jar:/Users/wzore/.m2/repository/io/quarkus/quarkus-credentials/2.6.1.Final/quarkus-credentials-2.6.1.Final.jar:/Users/wzore/.m2/repository/io/quarkus/quarkus-narayana-jta/2.6.1.Final/quarkus-narayana-jta-2.6.1.Final.jar:/Users/wzore/.m2/repository/io/quarkus/quarkus-mutiny/2.6.1.Final/quarkus-mutiny-2.6.1.Final.jar:/Users/wzore/.m2/repository/io/smallrye/reactive/mutiny/1.2.0/mutiny-1.2.0.jar:/Users/wzore/.m2/repository/io/quarkus/quarkus-smallrye-context-propagation/2.6.1.Final/quarkus-smallrye-context-propagation-2.6.1.Final.jar:/Users/wzore/.m2/repository/io/smallrye/smallrye-context-propagation/1.2.2/smallrye-context-propagation-1.2.2.jar:/Users/wzore/.m2/repository/io/smallrye/smallrye-context-propagation-api/1.2.2/smallrye-context-propagation-api-1.2.2.jar:/Users/wzore/.m2/repository/io/smallrye/smallrye-context-propagation-storage/1.2.2/smallrye-context-propagation-storage-1.2.2.jar:/Users/wzore/.m2/repository/io/smallrye/reactive/mutiny-smallrye-context-propagation/1.2.0/mutiny-smallrye-context-propagation-1.2.0.jar:/Users/wzore/.m2/repository/io/smallrye/smallrye-context-propagation-jta/1.2.2/smallrye-context-propagation-jta-1.2.2.jar:/Users/wzore/.m2/repository/io/smallrye/reactive/smallrye-reactive-converter-api/2.6.0/smallrye-reactive-converter-api-2.6.0.jar:/Users/wzore/.m2/repository/org/reactivestreams/reactive-streams/1.0.3/reactive-streams-1.0.3.jar:/Users/wzore/.m2/repository/io/smallrye/reactive/smallrye-reactive-converter-mutiny/2.6.0/smallrye-reactive-converter-mutiny-2.6.0.jar:/Users/wzore/.m2/repository/org/hibernate/hibernate-core/5.6.1.Final/hibernate-core-5.6.1.Final.jar:/Users/wzore/.m2/repository/net/bytebuddy/byte-buddy/1.11.20/byte-buddy-1.11.20.jar:/Users/wzore/.m2/repository/antlr/antlr/2.7.7/antlr-2.7.7.jar:/Users/wzore/.m2/repository/com/fasterxml/classmate/1.5.1/classmate-1.5.1.jar:/Users/wzore/.m2/repository/org/hibernate/common/hibernate-commons-annotations/5.1.2.Final/hibernate-commons-annotations-5.1.2.Final.jar:/Users/wzore/.m2/repository/org/hibernate/hibernate-graalvm/5.6.1.Final/hibernate-graalvm-5.6.1.Final.jar:/Users/wzore/.m2/repository/org/glassfish/jaxb/jaxb-runtime/2.3.3-b02/jaxb-runtime-2.3.3-b02.jar:/Users/wzore/.m2/repository/org/glassfish/jaxb/txw2/2.3.3-b02/txw2-2.3.3-b02.jar:/Users/wzore/.m2/repository/com/sun/istack/istack-commons-runtime/3.0.10/istack-commons-runtime-3.0.10.jar:/Users/wzore/.m2/repository/com/sun/activation/jakarta.activation/1.2.1/jakarta.activation-1.2.1.jar:/Users/wzore/.m2/repository/org/jboss/spec/javax/xml/bind/jboss-jaxb-api_2.3_spec/2.0.0.Final/jboss-jaxb-api_2.3_spec-2.0.0.Final.jar:/Users/wzore/.m2/repository/jakarta/persistence/jakarta.persistence-api/2.2.3/jakarta.persistence-api-2.2.3.jar:/Users/wzore/.m2/repository/jakarta/transaction/jakarta.transaction-api/1.3.3/jakarta.transaction-api-1.3.3.jar:/Users/wzore/.m2/repository/org/hibernate/quarkus-local-cache/0.1.0/quarkus-local-cache-0.1.0.jar:/Users/wzore/.m2/repository/com/github/ben-manes/caffeine/caffeine/2.9.3/caffeine-2.9.3.jar:/Users/wzore/.m2/repository/com/google/errorprone/error_prone_annotations/2.2.0/error_prone_annotations-2.2.0.jar:/Users/wzore/.m2/repository/io/quarkus/quarkus-caffeine/2.6.1.Final/quarkus-caffeine-2.6.1.Final.jar:/Users/wzore/.m2/repository/io/quarkus/quarkus-resteasy/2.6.1.Final/quarkus-resteasy-2.6.1.Final.jar:/Users/wzore/.m2/repository/io/quarkus/quarkus-vertx-http/2.6.1.Final/quarkus-vertx-http-2.6.1.Final.jar:/Users/wzore/.m2/repository/io/quarkus/quarkus-security-runtime-spi/2.6.1.Final/quarkus-security-runtime-spi-2.6.1.Final.jar:/Users/wzore/.m2/repository/io/quarkus/quarkus-vertx-http-dev-console-runtime-spi/2.6.1.Final/quarkus-vertx-http-dev-console-runtime-spi-2.6.1.Final.jar:/Users/wzore/.m2/repository/io/quarkus/security/quarkus-security/1.1.4.Final/quarkus-security-1.1.4.Final.jar:/Users/wzore/.m2/repository/io/quarkus/quarkus-vertx/2.6.1.Final/quarkus-vertx-2.6.1.Final.jar:/Users/wzore/.m2/repository/io/quarkus/quarkus-netty/2.6.1.Final/quarkus-netty-2.6.1.Final.jar:/Users/wzore/.m2/repository/io/netty/netty-codec/4.1.72.Final/netty-codec-4.1.72.Final.jar:/Users/wzore/.m2/repository/io/netty/netty-codec-http/4.1.72.Final/netty-codec-http-4.1.72.Final.jar:/Users/wzore/.m2/repository/io/netty/netty-codec-http2/4.1.72.Final/netty-codec-http2-4.1.72.Final.jar:/Users/wzore/.m2/repository/io/netty/netty-handler/4.1.72.Final/netty-handler-4.1.72.Final.jar:/Users/wzore/.m2/repository/io/netty/netty-tcnative-classes/2.0.46.Final/netty-tcnative-classes-2.0.46.Final.jar:/Users/wzore/.m2/repository/io/netty/netty-codec-haproxy/4.1.72.Final/netty-codec-haproxy-4.1.72.Final.jar:/Users/wzore/.m2/repository/io/netty/netty-buffer/4.1.72.Final/netty-buffer-4.1.72.Final.jar:/Users/wzore/.m2/repository/io/netty/netty-transport/4.1.72.Final/netty-transport-4.1.72.Final.jar:/Users/wzore/.m2/repository/io/smallrye/common/smallrye-common-annotation/1.8.0/smallrye-common-annotation-1.8.0.jar:/Users/wzore/.m2/repository/io/smallrye/reactive/smallrye-mutiny-vertx-core/2.16.0/smallrye-mutiny-vertx-core-2.16.0.jar:/Users/wzore/.m2/repository/io/smallrye/reactive/smallrye-mutiny-vertx-runtime/2.16.0/smallrye-mutiny-vertx-runtime-2.16.0.jar:/Users/wzore/.m2/repository/io/smallrye/reactive/vertx-mutiny-generator/2.16.0/vertx-mutiny-generator-2.16.0.jar:/Users/wzore/.m2/repository/io/vertx/vertx-codegen/4.2.2/vertx-codegen-4.2.2.jar:/Users/wzore/.m2/repository/io/smallrye/smallrye-fault-tolerance-vertx/5.2.1/smallrye-fault-tolerance-vertx-5.2.1.jar:/Users/wzore/.m2/repository/io/smallrye/reactive/smallrye-mutiny-vertx-web/2.16.0/smallrye-mutiny-vertx-web-2.16.0.jar:/Users/wzore/.m2/repository/io/smallrye/reactive/smallrye-mutiny-vertx-web-common/2.16.0/smallrye-mutiny-vertx-web-common-2.16.0.jar:/Users/wzore/.m2/repository/io/smallrye/reactive/smallrye-mutiny-vertx-auth-common/2.16.0/smallrye-mutiny-vertx-auth-common-2.16.0.jar:/Users/wzore/.m2/repository/io/smallrye/reactive/smallrye-mutiny-vertx-bridge-common/2.16.0/smallrye-mutiny-vertx-bridge-common-2.16.0.jar:/Users/wzore/.m2/repository/io/vertx/vertx-web/4.2.2/vertx-web-4.2.2.jar:/Users/wzore/.m2/repository/io/vertx/vertx-web-common/4.2.2/vertx-web-common-4.2.2.jar:/Users/wzore/.m2/repository/io/vertx/vertx-auth-common/4.2.2/vertx-auth-common-4.2.2.jar:/Users/wzore/.m2/repository/io/vertx/vertx-bridge-common/4.2.2/vertx-bridge-common-4.2.2.jar:/Users/wzore/.m2/repository/io/vertx/vertx-core/4.2.2/vertx-core-4.2.2.jar:/Users/wzore/.m2/repository/io/netty/netty-common/4.1.72.Final/netty-common-4.1.72.Final.jar:/Users/wzore/.m2/repository/io/netty/netty-handler-proxy/4.1.72.Final/netty-handler-proxy-4.1.72.Final.jar:/Users/wzore/.m2/repository/io/netty/netty-codec-socks/4.1.72.Final/netty-codec-socks-4.1.72.Final.jar:/Users/wzore/.m2/repository/io/netty/netty-resolver/4.1.72.Final/netty-resolver-4.1.72.Final.jar:/Users/wzore/.m2/repository/io/netty/netty-resolver-dns/4.1.72.Final/netty-resolver-dns-4.1.72.Final.jar:/Users/wzore/.m2/repository/io/netty/netty-codec-dns/4.1.72.Final/netty-codec-dns-4.1.72.Final.jar:/Users/wzore/.m2/repository/io/quarkus/quarkus-resteasy-server-common/2.6.1.Final/quarkus-resteasy-server-common-2.6.1.Final.jar:/Users/wzore/.m2/repository/io/quarkus/quarkus-resteasy-common/2.6.1.Final/quarkus-resteasy-common-2.6.1.Final.jar:/Users/wzore/.m2/repository/org/jboss/resteasy/resteasy-core/4.7.4.Final/resteasy-core-4.7.4.Final.jar:/Users/wzore/.m2/repository/org/jboss/spec/javax/ws/rs/jboss-jaxrs-api_2.1_spec/2.0.1.Final/jboss-jaxrs-api_2.1_spec-2.0.1.Final.jar:/Users/wzore/.m2/repository/org/jboss/resteasy/resteasy-core-spi/4.7.4.Final/resteasy-core-spi-4.7.4.Final.jar:/Users/wzore/.m2/repository/com/ibm/async/asyncutil/0.1.0/asyncutil-0.1.0.jar:/Users/wzore/.m2/repository/jakarta/validation/jakarta.validation-api/2.0.2/jakarta.validation-api-2.0.2.jar:/Users/wzore/.m2/repository/io/quarkus/quarkus-resteasy-jackson/2.6.1.Final/quarkus-resteasy-jackson-2.6.1.Final.jar:/Users/wzore/.m2/repository/io/quarkus/quarkus-jackson/2.6.1.Final/quarkus-jackson-2.6.1.Final.jar:/Users/wzore/.m2/repository/com/fasterxml/jackson/core/jackson-databind/2.12.6/jackson-databind-2.12.6.jar:/Users/wzore/.m2/repository/com/fasterxml/jackson/datatype/jackson-datatype-jsr310/2.12.6/jackson-datatype-jsr310-2.12.6.jar:/Users/wzore/.m2/repository/com/fasterxml/jackson/datatype/jackson-datatype-jdk8/2.12.6/jackson-datatype-jdk8-2.12.6.jar:/Users/wzore/.m2/repository/com/fasterxml/jackson/module/jackson-module-parameter-names/2.12.6/jackson-module-parameter-names-2.12.6.jar:/Users/wzore/.m2/repository/org/jboss/resteasy/resteasy-jackson2-provider/4.7.4.Final/resteasy-jackson2-provider-4.7.4.Final.jar:/Users/wzore/.m2/repository/com/fasterxml/jackson/core/jackson-core/2.12.6/jackson-core-2.12.6.jar:/Users/wzore/.m2/repository/com/fasterxml/jackson/core/jackson-annotations/2.12.6/jackson-annotations-2.12.6.jar:/Users/wzore/.m2/repository/com/fasterxml/jackson/jaxrs/jackson-jaxrs-json-provider/2.12.6/jackson-jaxrs-json-provider-2.12.6.jar:/Users/wzore/.m2/repository/com/fasterxml/jackson/jaxrs/jackson-jaxrs-base/2.12.6/jackson-jaxrs-base-2.12.6.jar:/Users/wzore/.m2/repository/com/fasterxml/jackson/module/jackson-module-jaxb-annotations/2.12.6/jackson-module-jaxb-annotations-2.12.6.jar:/Users/wzore/.m2/repository/com/github/java-json-tools/json-patch/1.13/json-patch-1.13.jar:/Users/wzore/.m2/repository/com/github/java-json-tools/msg-simple/1.2/msg-simple-1.2.jar:/Users/wzore/.m2/repository/com/github/java-json-tools/btf/1.3/btf-1.3.jar:/Users/wzore/.m2/repository/com/github/java-json-tools/jackson-coreutils/2.0/jackson-coreutils-2.0.jar:/Users/wzore/.m2/repository/io/quarkus/quarkus-jdbc-mysql/2.6.1.Final/quarkus-jdbc-mysql-2.6.1.Final.jar:/Users/wzore/.m2/repository/mysql/mysql-connector-java/8.0.27/mysql-connector-java-8.0.27.jar:/Users/wzore/.m2/repository/io/quarkus/quarkus-arc/2.6.1.Final/quarkus-arc-2.6.1.Final.jar:/Users/wzore/.m2/repository/io/quarkus/arc/arc/2.6.1.Final/arc-2.6.1.Final.jar:/Users/wzore/.m2/repository/org/eclipse/microprofile/context-propagation/microprofile-context-propagation-api/1.2/microprofile-context-propagation-api-1.2.jar:/Users/wzore/.m2/repository/io/quarkus/quarkus-junit5/2.6.1.Final/quarkus-junit5-2.6.1.Final.jar:/Users/wzore/.m2/repository/io/quarkus/quarkus-bootstrap-core/2.6.1.Final/quarkus-bootstrap-core-2.6.1.Final.jar:/Users/wzore/.m2/repository/io/quarkus/quarkus-bootstrap-app-model/2.6.1.Final/quarkus-bootstrap-app-model-2.6.1.Final.jar:/Users/wzore/.m2/repository/io/quarkus/quarkus-bootstrap-maven-resolver/2.6.1.Final/quarkus-bootstrap-maven-resolver-2.6.1.Final.jar:/Users/wzore/.m2/repository/org/apache/maven/maven-embedder/3.8.4/maven-embedder-3.8.4.jar:/Users/wzore/.m2/repository/org/apache/maven/maven-settings/3.8.4/maven-settings-3.8.4.jar:/Users/wzore/.m2/repository/org/apache/maven/maven-core/3.8.4/maven-core-3.8.4.jar:/Users/wzore/.m2/repository/org/apache/maven/maven-artifact/3.8.4/maven-artifact-3.8.4.jar:/Users/wzore/.m2/repository/org/codehaus/plexus/plexus-component-annotations/2.1.0/plexus-component-annotations-2.1.0.jar:/Users/wzore/.m2/repository/org/apache/maven/maven-plugin-api/3.8.4/maven-plugin-api-3.8.4.jar:/Users/wzore/.m2/repository/org/apache/maven/maven-model/3.8.4/maven-model-3.8.4.jar:/Users/wzore/.m2/repository/org/apache/maven/maven-model-builder/3.8.4/maven-model-builder-3.8.4.jar:/Users/wzore/.m2/repository/org/apache/maven/maven-builder-support/3.8.4/maven-builder-support-3.8.4.jar:/Users/wzore/.m2/repository/org/apache/maven/resolver/maven-resolver-api/1.6.3/maven-resolver-api-1.6.3.jar:/Users/wzore/.m2/repository/org/apache/maven/resolver/maven-resolver-util/1.6.3/maven-resolver-util-1.6.3.jar:/Users/wzore/.m2/repository/org/apache/maven/shared/maven-shared-utils/3.3.4/maven-shared-utils-3.3.4.jar:/Users/wzore/.m2/repository/commons-io/commons-io/2.11.0/commons-io-2.11.0.jar:/Users/wzore/.m2/repository/com/google/inject/guice/4.2.2/guice-4.2.2-no_aop.jar:/Users/wzore/.m2/repository/com/google/guava/guava/30.1.1-jre/guava-30.1.1-jre.jar:/Users/wzore/.m2/repository/com/google/guava/failureaccess/1.0.1/failureaccess-1.0.1.jar:/Users/wzore/.m2/repository/com/google/guava/listenablefuture/9999.0-empty-to-avoid-conflict-with-guava/listenablefuture-9999.0-empty-to-avoid-conflict-with-guava.jar:/Users/wzore/.m2/repository/org/codehaus/plexus/plexus-classworlds/2.6.0/plexus-classworlds-2.6.0.jar:/Users/wzore/.m2/repository/org/codehaus/plexus/plexus-sec-dispatcher/2.0/plexus-sec-dispatcher-2.0.jar:/Users/wzore/.m2/repository/org/codehaus/plexus/plexus-cipher/2.0/plexus-cipher-2.0.jar:/Users/wzore/.m2/repository/commons-cli/commons-cli/1.4/commons-cli-1.4.jar:/Users/wzore/.m2/repository/org/eclipse/sisu/org.eclipse.sisu.plexus/0.3.5/org.eclipse.sisu.plexus-0.3.5.jar:/Users/wzore/.m2/repository/org/apache/maven/maven-settings-builder/3.8.4/maven-settings-builder-3.8.4.jar:/Users/wzore/.m2/repository/org/codehaus/plexus/plexus-interpolation/1.26/plexus-interpolation-1.26.jar:/Users/wzore/.m2/repository/org/apache/maven/maven-resolver-provider/3.8.4/maven-resolver-provider-3.8.4.jar:/Users/wzore/.m2/repository/org/apache/maven/maven-repository-metadata/3.8.4/maven-repository-metadata-3.8.4.jar:/Users/wzore/.m2/repository/org/apache/maven/resolver/maven-resolver-spi/1.6.3/maven-resolver-spi-1.6.3.jar:/Users/wzore/.m2/repository/org/apache/maven/resolver/maven-resolver-impl/1.6.3/maven-resolver-impl-1.6.3.jar:/Users/wzore/.m2/repository/org/codehaus/plexus/plexus-utils/3.3.0/plexus-utils-3.3.0.jar:/Users/wzore/.m2/repository/org/apache/maven/resolver/maven-resolver-connector-basic/1.6.3/maven-resolver-connector-basic-1.6.3.jar:/Users/wzore/.m2/repository/org/apache/maven/resolver/maven-resolver-transport-wagon/1.6.3/maven-resolver-transport-wagon-1.6.3.jar:/Users/wzore/.m2/repository/org/apache/maven/wagon/wagon-http/3.4.3/wagon-http-3.4.3.jar:/Users/wzore/.m2/repository/org/apache/maven/wagon/wagon-http-shared/3.4.3/wagon-http-shared-3.4.3.jar:/Users/wzore/.m2/repository/org/jsoup/jsoup/1.14.2/jsoup-1.14.2.jar:/Users/wzore/.m2/repository/org/apache/maven/wagon/wagon-provider-api/3.4.3/wagon-provider-api-3.4.3.jar:/Users/wzore/.m2/repository/org/apache/maven/wagon/wagon-file/3.4.3/wagon-file-3.4.3.jar:/Users/wzore/.m2/repository/io/quarkus/quarkus-bootstrap-gradle-resolver/2.6.1.Final/quarkus-bootstrap-gradle-resolver-2.6.1.Final.jar:/Users/wzore/.m2/repository/io/smallrye/common/smallrye-common-io/1.8.0/smallrye-common-io-1.8.0.jar:/Users/wzore/.m2/repository/org/eclipse/sisu/org.eclipse.sisu.inject/0.3.5/org.eclipse.sisu.inject-0.3.5.jar:/Users/wzore/.m2/repository/io/quarkus/quarkus-test-common/2.6.1.Final/quarkus-test-common-2.6.1.Final.jar:/Users/wzore/.m2/repository/io/quarkus/quarkus-core-deployment/2.6.1.Final/quarkus-core-deployment-2.6.1.Final.jar:/Users/wzore/.m2/repository/org/aesh/readline/2.1/readline-2.1.jar:/Users/wzore/.m2/repository/org/fusesource/jansi/jansi/1.18/jansi-1.18.jar:/Users/wzore/.m2/repository/io/quarkus/gizmo/gizmo/1.0.10.Final/gizmo-1.0.10.Final.jar:/Users/wzore/.m2/repository/org/ow2/asm/asm-util/9.2/asm-util-9.2.jar:/Users/wzore/.m2/repository/org/ow2/asm/asm/9.2/asm-9.2.jar:/Users/wzore/.m2/repository/org/ow2/asm/asm-commons/9.2/asm-commons-9.2.jar:/Users/wzore/.m2/repository/org/ow2/asm/asm-tree/9.2/asm-tree-9.2.jar:/Users/wzore/.m2/repository/org/ow2/asm/asm-analysis/9.2/asm-analysis-9.2.jar:/Users/wzore/.m2/repository/io/quarkus/quarkus-class-change-agent/2.6.1.Final/quarkus-class-change-agent-2.6.1.Final.jar:/Users/wzore/.m2/repository/io/quarkus/quarkus-devtools-utilities/2.6.1.Final/quarkus-devtools-utilities-2.6.1.Final.jar:/Users/wzore/.m2/repository/io/quarkus/quarkus-builder/2.6.1.Final/quarkus-builder-2.6.1.Final.jar:/Users/wzore/.m2/repository/org/junit/platform/junit-platform-launcher/1.8.2/junit-platform-launcher-1.8.2.jar:/Users/wzore/.m2/repository/io/quarkus/quarkus-jsonp-deployment/2.6.1.Final/quarkus-jsonp-deployment-2.6.1.Final.jar:/Users/wzore/.m2/repository/io/quarkus/quarkus-jsonp/2.6.1.Final/quarkus-jsonp-2.6.1.Final.jar:/Users/wzore/.m2/repository/org/glassfish/jakarta.json/1.1.6/jakarta.json-1.1.6.jar:/Users/wzore/.m2/repository/org/jboss/jandex/2.4.1.Final/jandex-2.4.1.Final.jar:/Users/wzore/.m2/repository/org/jboss/logging/commons-logging-jboss-logging/1.0.0.Final/commons-logging-jboss-logging-1.0.0.Final.jar:/Users/wzore/.m2/repository/io/quarkus/quarkus-junit5-properties/2.6.1.Final/quarkus-junit5-properties-2.6.1.Final.jar:/Users/wzore/.m2/repository/org/junit/jupiter/junit-jupiter/5.8.2/junit-jupiter-5.8.2.jar:/Users/wzore/.m2/repository/org/junit/jupiter/junit-jupiter-api/5.8.2/junit-jupiter-api-5.8.2.jar:/Users/wzore/.m2/repository/org/opentest4j/opentest4j/1.2.0/opentest4j-1.2.0.jar:/Users/wzore/.m2/repository/org/junit/platform/junit-platform-commons/1.8.2/junit-platform-commons-1.8.2.jar:/Users/wzore/.m2/repository/org/apiguardian/apiguardian-api/1.1.2/apiguardian-api-1.1.2.jar:/Users/wzore/.m2/repository/org/junit/jupiter/junit-jupiter-params/5.8.2/junit-jupiter-params-5.8.2.jar:/Users/wzore/.m2/repository/org/junit/jupiter/junit-jupiter-engine/5.8.2/junit-jupiter-engine-5.8.2.jar:/Users/wzore/.m2/repository/org/junit/platform/junit-platform-engine/1.8.2/junit-platform-engine-1.8.2.jar:/Users/wzore/.m2/repository/com/thoughtworks/xstream/xstream/1.4.18/xstream-1.4.18.jar:/Users/wzore/.m2/repository/io/github/x-stream/mxparser/1.2.2/mxparser-1.2.2.jar:/Users/wzore/.m2/repository/xmlpull/xmlpull/1.1.3.1/xmlpull-1.1.3.1.jar:/Users/wzore/.m2/repository/io/rest-assured/rest-assured/4.4.0/rest-assured-4.4.0.jar:/Users/wzore/.m2/repository/org/codehaus/groovy/groovy/3.0.8/groovy-3.0.8.jar:/Users/wzore/.m2/repository/org/codehaus/groovy/groovy-xml/3.0.8/groovy-xml-3.0.8.jar:/Users/wzore/.m2/repository/org/apache/httpcomponents/httpclient/4.5.13/httpclient-4.5.13.jar:/Users/wzore/.m2/repository/org/apache/httpcomponents/httpcore/4.4.15/httpcore-4.4.15.jar:/Users/wzore/.m2/repository/commons-codec/commons-codec/1.15/commons-codec-1.15.jar:/Users/wzore/.m2/repository/org/apache/httpcomponents/httpmime/4.5.13/httpmime-4.5.13.jar:/Users/wzore/.m2/repository/org/hamcrest/hamcrest/2.1/hamcrest-2.1.jar:/Users/wzore/.m2/repository/org/ccil/cowan/tagsoup/tagsoup/1.2.1/tagsoup-1.2.1.jar:/Users/wzore/.m2/repository/io/rest-assured/json-path/4.4.0/json-path-4.4.0.jar:/Users/wzore/.m2/repository/org/codehaus/groovy/groovy-json/3.0.8/groovy-json-3.0.8.jar:/Users/wzore/.m2/repository/io/rest-assured/rest-assured-common/4.4.0/rest-assured-common-4.4.0.jar:/Users/wzore/.m2/repository/io/rest-assured/xml-path/4.4.0/xml-path-4.4.0.jar:/Users/wzore/.m2/repository/org/apache/commons/commons-lang3/3.12.0/commons-lang3-3.12.0.jar:/Users/wzore/.m2/repository/jakarta/xml/bind/jakarta.xml.bind-api/2.3.3/jakarta.xml.bind-api-2.3.3.jar:/Users/wzore/.m2/repository/com/sun/xml/bind/jaxb-impl/2.3.3/jaxb-impl-2.3.3.jar:"/>
    <property name="java.vm.vendor" value="Oracle Corporation"/>
    <property name="sun.arch.data.model" value="64"/>
    <property name="java.vendor.url" value="https://java.oracle.com/"/>
    <property name="user.timezone" value="Africa/Johannesburg"/>
    <property name="os.name" value="Mac OS X"/>
    <property name="java.vm.specification.version" value="17"/>
    <property name="sun.java.launcher" value="SUN_STANDARD"/>
    <property name="user.country" value="US"/>
    <property name="sun.boot.library.path" value="/Users/wzore/.sdkman/candidates/java/17.0.2-open/lib"/>
    <property name="sun.java.command" value="/Users/wzore/Documents/repos/moovium/target/surefire/surefirebooter17395901765210708819.jar /Users/wzore/Documents/repos/moovium/target/surefire 2022-01-26T10-57-14_488-jvmRun1 surefire16539549308858368304tmp surefire_015959802319641821638tmp"/>
    <property name="http.nonProxyHosts" value="local|*.local|169.254/16|*.169.254/16"/>
    <property name="maven.home" value="/usr/local/Cellar/maven/3.8.2/libexec"/>
    <property name="jdk.debug" value="release"/>
    <property name="surefire.test.class.path" value="/Users/wzore/Documents/repos/moovium/target/test-classes:/Users/wzore/Documents/repos/moovium/target/classes:/Users/wzore/.m2/repository/io/quarkus/quarkus-hibernate-orm/2.6.1.Final/quarkus-hibernate-orm-2.6.1.Final.jar:/Users/wzore/.m2/repository/io/quarkus/quarkus-core/2.6.1.Final/quarkus-core-2.6.1.Final.jar:/Users/wzore/.m2/repository/jakarta/annotation/jakarta.annotation-api/1.3.5/jakarta.annotation-api-1.3.5.jar:/Users/wzore/.m2/repository/jakarta/enterprise/jakarta.enterprise.cdi-api/2.0.2/jakarta.enterprise.cdi-api-2.0.2.jar:/Users/wzore/.m2/repository/jakarta/el/jakarta.el-api/3.0.3/jakarta.el-api-3.0.3.jar:/Users/wzore/.m2/repository/jakarta/interceptor/jakarta.interceptor-api/1.2.5/jakarta.interceptor-api-1.2.5.jar:/Users/wzore/.m2/repository/jakarta/inject/jakarta.inject-api/1.0/jakarta.inject-api-1.0.jar:/Users/wzore/.m2/repository/io/quarkus/quarkus-ide-launcher/2.6.1.Final/quarkus-ide-launcher-2.6.1.Final.jar:/Users/wzore/.m2/repository/io/quarkus/quarkus-development-mode-spi/2.6.1.Final/quarkus-development-mode-spi-2.6.1.Final.jar:/Users/wzore/.m2/repository/io/smallrye/config/smallrye-config/2.7.0/smallrye-config-2.7.0.jar:/Users/wzore/.m2/repository/io/smallrye/config/smallrye-config-core/2.7.0/smallrye-config-core-2.7.0.jar:/Users/wzore/.m2/repository/org/eclipse/microprofile/config/microprofile-config-api/2.0/microprofile-config-api-2.0.jar:/Users/wzore/.m2/repository/io/smallrye/common/smallrye-common-expression/1.8.0/smallrye-common-expression-1.8.0.jar:/Users/wzore/.m2/repository/io/smallrye/common/smallrye-common-function/1.8.0/smallrye-common-function-1.8.0.jar:/Users/wzore/.m2/repository/io/smallrye/common/smallrye-common-constraint/1.8.0/smallrye-common-constraint-1.8.0.jar:/Users/wzore/.m2/repository/io/smallrye/common/smallrye-common-classloader/1.8.0/smallrye-common-classloader-1.8.0.jar:/Users/wzore/.m2/repository/io/smallrye/config/smallrye-config-common/2.7.0/smallrye-config-common-2.7.0.jar:/Users/wzore/.m2/repository/org/jboss/logging/jboss-logging/3.4.2.Final/jboss-logging-3.4.2.Final.jar:/Users/wzore/.m2/repository/org/jboss/logmanager/jboss-logmanager-embedded/1.0.9/jboss-logmanager-embedded-1.0.9.jar:/Users/wzore/.m2/repository/org/jboss/logging/jboss-logging-annotations/2.2.1.Final/jboss-logging-annotations-2.2.1.Final.jar:/Users/wzore/.m2/repository/org/jboss/threads/jboss-threads/3.4.2.Final/jboss-threads-3.4.2.Final.jar:/Users/wzore/.m2/repository/org/slf4j/slf4j-api/1.7.30/slf4j-api-1.7.30.jar:/Users/wzore/.m2/repository/org/jboss/slf4j/slf4j-jboss-logmanager/1.1.0.Final/slf4j-jboss-logmanager-1.1.0.Final.jar:/Users/wzore/.m2/repository/org/graalvm/sdk/graal-sdk/21.3.0/graal-sdk-21.3.0.jar:/Users/wzore/.m2/repository/org/wildfly/common/wildfly-common/1.5.4.Final-format-001/wildfly-common-1.5.4.Final-format-001.jar:/Users/wzore/.m2/repository/io/quarkus/quarkus-bootstrap-runner/2.6.1.Final/quarkus-bootstrap-runner-2.6.1.Final.jar:/Users/wzore/.m2/repository/io/quarkus/quarkus-fs-util/0.0.3/quarkus-fs-util-0.0.3.jar:/Users/wzore/.m2/repository/io/quarkus/quarkus-agroal/2.6.1.Final/quarkus-agroal-2.6.1.Final.jar:/Users/wzore/.m2/repository/io/quarkus/quarkus-datasource/2.6.1.Final/quarkus-datasource-2.6.1.Final.jar:/Users/wzore/.m2/repository/io/quarkus/quarkus-datasource-common/2.6.1.Final/quarkus-datasource-common-2.6.1.Final.jar:/Users/wzore/.m2/repository/org/jboss/narayana/jta/narayana-jta/5.12.4.Final/narayana-jta-5.12.4.Final.jar:/Users/wzore/.m2/repository/org/jboss/jboss-transaction-spi/7.6.0.Final/jboss-transaction-spi-7.6.0.Final.jar:/Users/wzore/.m2/repository/org/jboss/spec/javax/resource/jboss-connector-api_1.7_spec/1.0.0.Final/jboss-connector-api_1.7_spec-1.0.0.Final.jar:/Users/wzore/.m2/repository/org/jboss/narayana/jts/narayana-jts-integration/5.12.4.Final/narayana-jts-integration-5.12.4.Final.jar:/Users/wzore/.m2/repository/io/agroal/agroal-api/1.14/agroal-api-1.14.jar:/Users/wzore/.m2/repository/io/agroal/agroal-narayana/1.14/agroal-narayana-1.14.jar:/Users/wzore/.m2/repository/io/agroal/agroal-pool/1.14/agroal-pool-1.14.jar:/Users/wzore/.m2/repository/io/quarkus/quarkus-credentials/2.6.1.Final/quarkus-credentials-2.6.1.Final.jar:/Users/wzore/.m2/repository/io/quarkus/quarkus-narayana-jta/2.6.1.Final/quarkus-narayana-jta-2.6.1.Final.jar:/Users/wzore/.m2/repository/io/quarkus/quarkus-mutiny/2.6.1.Final/quarkus-mutiny-2.6.1.Final.jar:/Users/wzore/.m2/repository/io/smallrye/reactive/mutiny/1.2.0/mutiny-1.2.0.jar:/Users/wzore/.m2/repository/io/quarkus/quarkus-smallrye-context-propagation/2.6.1.Final/quarkus-smallrye-context-propagation-2.6.1.Final.jar:/Users/wzore/.m2/repository/io/smallrye/smallrye-context-propagation/1.2.2/smallrye-context-propagation-1.2.2.jar:/Users/wzore/.m2/repository/io/smallrye/smallrye-context-propagation-api/1.2.2/smallrye-context-propagation-api-1.2.2.jar:/Users/wzore/.m2/repository/io/smallrye/smallrye-context-propagation-storage/1.2.2/smallrye-context-propagation-storage-1.2.2.jar:/Users/wzore/.m2/repository/io/smallrye/reactive/mutiny-smallrye-context-propagation/1.2.0/mutiny-smallrye-context-propagation-1.2.0.jar:/Users/wzore/.m2/repository/io/smallrye/smallrye-context-propagation-jta/1.2.2/smallrye-context-propagation-jta-1.2.2.jar:/Users/wzore/.m2/repository/io/smallrye/reactive/smallrye-reactive-converter-api/2.6.0/smallrye-reactive-converter-api-2.6.0.jar:/Users/wzore/.m2/repository/org/reactivestreams/reactive-streams/1.0.3/reactive-streams-1.0.3.jar:/Users/wzore/.m2/repository/io/smallrye/reactive/smallrye-reactive-converter-mutiny/2.6.0/smallrye-reactive-converter-mutiny-2.6.0.jar:/Users/wzore/.m2/repository/org/hibernate/hibernate-core/5.6.1.Final/hibernate-core-5.6.1.Final.jar:/Users/wzore/.m2/repository/net/bytebuddy/byte-buddy/1.11.20/byte-buddy-1.11.20.jar:/Users/wzore/.m2/repository/antlr/antlr/2.7.7/antlr-2.7.7.jar:/Users/wzore/.m2/repository/com/fasterxml/classmate/1.5.1/classmate-1.5.1.jar:/Users/wzore/.m2/repository/org/hibernate/common/hibernate-commons-annotations/5.1.2.Final/hibernate-commons-annotations-5.1.2.Final.jar:/Users/wzore/.m2/repository/org/hibernate/hibernate-graalvm/5.6.1.Final/hibernate-graalvm-5.6.1.Final.jar:/Users/wzore/.m2/repository/org/glassfish/jaxb/jaxb-runtime/2.3.3-b02/jaxb-runtime-2.3.3-b02.jar:/Users/wzore/.m2/repository/org/glassfish/jaxb/txw2/2.3.3-b02/txw2-2.3.3-b02.jar:/Users/wzore/.m2/repository/com/sun/istack/istack-commons-runtime/3.0.10/istack-commons-runtime-3.0.10.jar:/Users/wzore/.m2/repository/com/sun/activation/jakarta.activation/1.2.1/jakarta.activation-1.2.1.jar:/Users/wzore/.m2/repository/org/jboss/spec/javax/xml/bind/jboss-jaxb-api_2.3_spec/2.0.0.Final/jboss-jaxb-api_2.3_spec-2.0.0.Final.jar:/Users/wzore/.m2/repository/jakarta/persistence/jakarta.persistence-api/2.2.3/jakarta.persistence-api-2.2.3.jar:/Users/wzore/.m2/repository/jakarta/transaction/jakarta.transaction-api/1.3.3/jakarta.transaction-api-1.3.3.jar:/Users/wzore/.m2/repository/org/hibernate/quarkus-local-cache/0.1.0/quarkus-local-cache-0.1.0.jar:/Users/wzore/.m2/repository/com/github/ben-manes/caffeine/caffeine/2.9.3/caffeine-2.9.3.jar:/Users/wzore/.m2/repository/com/google/errorprone/error_prone_annotations/2.2.0/error_prone_annotations-2.2.0.jar:/Users/wzore/.m2/repository/io/quarkus/quarkus-caffeine/2.6.1.Final/quarkus-caffeine-2.6.1.Final.jar:/Users/wzore/.m2/repository/io/quarkus/quarkus-resteasy/2.6.1.Final/quarkus-resteasy-2.6.1.Final.jar:/Users/wzore/.m2/repository/io/quarkus/quarkus-vertx-http/2.6.1.Final/quarkus-vertx-http-2.6.1.Final.jar:/Users/wzore/.m2/repository/io/quarkus/quarkus-security-runtime-spi/2.6.1.Final/quarkus-security-runtime-spi-2.6.1.Final.jar:/Users/wzore/.m2/repository/io/quarkus/quarkus-vertx-http-dev-console-runtime-spi/2.6.1.Final/quarkus-vertx-http-dev-console-runtime-spi-2.6.1.Final.jar:/Users/wzore/.m2/repository/io/quarkus/security/quarkus-security/1.1.4.Final/quarkus-security-1.1.4.Final.jar:/Users/wzore/.m2/repository/io/quarkus/quarkus-vertx/2.6.1.Final/quarkus-vertx-2.6.1.Final.jar:/Users/wzore/.m2/repository/io/quarkus/quarkus-netty/2.6.1.Final/quarkus-netty-2.6.1.Final.jar:/Users/wzore/.m2/repository/io/netty/netty-codec/4.1.72.Final/netty-codec-4.1.72.Final.jar:/Users/wzore/.m2/repository/io/netty/netty-codec-http/4.1.72.Final/netty-codec-http-4.1.72.Final.jar:/Users/wzore/.m2/repository/io/netty/netty-codec-http2/4.1.72.Final/netty-codec-http2-4.1.72.Final.jar:/Users/wzore/.m2/repository/io/netty/netty-handler/4.1.72.Final/netty-handler-4.1.72.Final.jar:/Users/wzore/.m2/repository/io/netty/netty-tcnative-classes/2.0.46.Final/netty-tcnative-classes-2.0.46.Final.jar:/Users/wzore/.m2/repository/io/netty/netty-codec-haproxy/4.1.72.Final/netty-codec-haproxy-4.1.72.Final.jar:/Users/wzore/.m2/repository/io/netty/netty-buffer/4.1.72.Final/netty-buffer-4.1.72.Final.jar:/Users/wzore/.m2/repository/io/netty/netty-transport/4.1.72.Final/netty-transport-4.1.72.Final.jar:/Users/wzore/.m2/repository/io/smallrye/common/smallrye-common-annotation/1.8.0/smallrye-common-annotation-1.8.0.jar:/Users/wzore/.m2/repository/io/smallrye/reactive/smallrye-mutiny-vertx-core/2.16.0/smallrye-mutiny-vertx-core-2.16.0.jar:/Users/wzore/.m2/repository/io/smallrye/reactive/smallrye-mutiny-vertx-runtime/2.16.0/smallrye-mutiny-vertx-runtime-2.16.0.jar:/Users/wzore/.m2/repository/io/smallrye/reactive/vertx-mutiny-generator/2.16.0/vertx-mutiny-generator-2.16.0.jar:/Users/wzore/.m2/repository/io/vertx/vertx-codegen/4.2.2/vertx-codegen-4.2.2.jar:/Users/wzore/.m2/repository/io/smallrye/smallrye-fault-tolerance-vertx/5.2.1/smallrye-fault-tolerance-vertx-5.2.1.jar:/Users/wzore/.m2/repository/io/smallrye/reactive/smallrye-mutiny-vertx-web/2.16.0/smallrye-mutiny-vertx-web-2.16.0.jar:/Users/wzore/.m2/repository/io/smallrye/reactive/smallrye-mutiny-vertx-web-common/2.16.0/smallrye-mutiny-vertx-web-common-2.16.0.jar:/Users/wzore/.m2/repository/io/smallrye/reactive/smallrye-mutiny-vertx-auth-common/2.16.0/smallrye-mutiny-vertx-auth-common-2.16.0.jar:/Users/wzore/.m2/repository/io/smallrye/reactive/smallrye-mutiny-vertx-bridge-common/2.16.0/smallrye-mutiny-vertx-bridge-common-2.16.0.jar:/Users/wzore/.m2/repository/io/vertx/vertx-web/4.2.2/vertx-web-4.2.2.jar:/Users/wzore/.m2/repository/io/vertx/vertx-web-common/4.2.2/vertx-web-common-4.2.2.jar:/Users/wzore/.m2/repository/io/vertx/vertx-auth-common/4.2.2/vertx-auth-common-4.2.2.jar:/Users/wzore/.m2/repository/io/vertx/vertx-bridge-common/4.2.2/vertx-bridge-common-4.2.2.jar:/Users/wzore/.m2/repository/io/vertx/vertx-core/4.2.2/vertx-core-4.2.2.jar:/Users/wzore/.m2/repository/io/netty/netty-common/4.1.72.Final/netty-common-4.1.72.Final.jar:/Users/wzore/.m2/repository/io/netty/netty-handler-proxy/4.1.72.Final/netty-handler-proxy-4.1.72.Final.jar:/Users/wzore/.m2/repository/io/netty/netty-codec-socks/4.1.72.Final/netty-codec-socks-4.1.72.Final.jar:/Users/wzore/.m2/repository/io/netty/netty-resolver/4.1.72.Final/netty-resolver-4.1.72.Final.jar:/Users/wzore/.m2/repository/io/netty/netty-resolver-dns/4.1.72.Final/netty-resolver-dns-4.1.72.Final.jar:/Users/wzore/.m2/repository/io/netty/netty-codec-dns/4.1.72.Final/netty-codec-dns-4.1.72.Final.jar:/Users/wzore/.m2/repository/io/quarkus/quarkus-resteasy-server-common/2.6.1.Final/quarkus-resteasy-server-common-2.6.1.Final.jar:/Users/wzore/.m2/repository/io/quarkus/quarkus-resteasy-common/2.6.1.Final/quarkus-resteasy-common-2.6.1.Final.jar:/Users/wzore/.m2/repository/org/jboss/resteasy/resteasy-core/4.7.4.Final/resteasy-core-4.7.4.Final.jar:/Users/wzore/.m2/repository/org/jboss/spec/javax/ws/rs/jboss-jaxrs-api_2.1_spec/2.0.1.Final/jboss-jaxrs-api_2.1_spec-2.0.1.Final.jar:/Users/wzore/.m2/repository/org/jboss/resteasy/resteasy-core-spi/4.7.4.Final/resteasy-core-spi-4.7.4.Final.jar:/Users/wzore/.m2/repository/com/ibm/async/asyncutil/0.1.0/asyncutil-0.1.0.jar:/Users/wzore/.m2/repository/jakarta/validation/jakarta.validation-api/2.0.2/jakarta.validation-api-2.0.2.jar:/Users/wzore/.m2/repository/io/quarkus/quarkus-resteasy-jackson/2.6.1.Final/quarkus-resteasy-jackson-2.6.1.Final.jar:/Users/wzore/.m2/repository/io/quarkus/quarkus-jackson/2.6.1.Final/quarkus-jackson-2.6.1.Final.jar:/Users/wzore/.m2/repository/com/fasterxml/jackson/core/jackson-databind/2.12.6/jackson-databind-2.12.6.jar:/Users/wzore/.m2/repository/com/fasterxml/jackson/datatype/jackson-datatype-jsr310/2.12.6/jackson-datatype-jsr310-2.12.6.jar:/Users/wzore/.m2/repository/com/fasterxml/jackson/datatype/jackson-datatype-jdk8/2.12.6/jackson-datatype-jdk8-2.12.6.jar:/Users/wzore/.m2/repository/com/fasterxml/jackson/module/jackson-module-parameter-names/2.12.6/jackson-module-parameter-names-2.12.6.jar:/Users/wzore/.m2/repository/org/jboss/resteasy/resteasy-jackson2-provider/4.7.4.Final/resteasy-jackson2-provider-4.7.4.Final.jar:/Users/wzore/.m2/repository/com/fasterxml/jackson/core/jackson-core/2.12.6/jackson-core-2.12.6.jar:/Users/wzore/.m2/repository/com/fasterxml/jackson/core/jackson-annotations/2.12.6/jackson-annotations-2.12.6.jar:/Users/wzore/.m2/repository/com/fasterxml/jackson/jaxrs/jackson-jaxrs-json-provider/2.12.6/jackson-jaxrs-json-provider-2.12.6.jar:/Users/wzore/.m2/repository/com/fasterxml/jackson/jaxrs/jackson-jaxrs-base/2.12.6/jackson-jaxrs-base-2.12.6.jar:/Users/wzore/.m2/repository/com/fasterxml/jackson/module/jackson-module-jaxb-annotations/2.12.6/jackson-module-jaxb-annotations-2.12.6.jar:/Users/wzore/.m2/repository/com/github/java-json-tools/json-patch/1.13/json-patch-1.13.jar:/Users/wzore/.m2/repository/com/github/java-json-tools/msg-simple/1.2/msg-simple-1.2.jar:/Users/wzore/.m2/repository/com/github/java-json-tools/btf/1.3/btf-1.3.jar:/Users/wzore/.m2/repository/com/github/java-json-tools/jackson-coreutils/2.0/jackson-coreutils-2.0.jar:/Users/wzore/.m2/repository/io/quarkus/quarkus-jdbc-mysql/2.6.1.Final/quarkus-jdbc-mysql-2.6.1.Final.jar:/Users/wzore/.m2/repository/mysql/mysql-connector-java/8.0.27/mysql-connector-java-8.0.27.jar:/Users/wzore/.m2/repository/io/quarkus/quarkus-arc/2.6.1.Final/quarkus-arc-2.6.1.Final.jar:/Users/wzore/.m2/repository/io/quarkus/arc/arc/2.6.1.Final/arc-2.6.1.Final.jar:/Users/wzore/.m2/repository/org/eclipse/microprofile/context-propagation/microprofile-context-propagation-api/1.2/microprofile-context-propagation-api-1.2.jar:/Users/wzore/.m2/repository/io/quarkus/quarkus-junit5/2.6.1.Final/quarkus-junit5-2.6.1.Final.jar:/Users/wzore/.m2/repository/io/quarkus/quarkus-bootstrap-core/2.6.1.Final/quarkus-bootstrap-core-2.6.1.Final.jar:/Users/wzore/.m2/repository/io/quarkus/quarkus-bootstrap-app-model/2.6.1.Final/quarkus-bootstrap-app-model-2.6.1.Final.jar:/Users/wzore/.m2/repository/io/quarkus/quarkus-bootstrap-maven-resolver/2.6.1.Final/quarkus-bootstrap-maven-resolver-2.6.1.Final.jar:/Users/wzore/.m2/repository/org/apache/maven/maven-embedder/3.8.4/maven-embedder-3.8.4.jar:/Users/wzore/.m2/repository/org/apache/maven/maven-settings/3.8.4/maven-settings-3.8.4.jar:/Users/wzore/.m2/repository/org/apache/maven/maven-core/3.8.4/maven-core-3.8.4.jar:/Users/wzore/.m2/repository/org/apache/maven/maven-artifact/3.8.4/maven-artifact-3.8.4.jar:/Users/wzore/.m2/repository/org/codehaus/plexus/plexus-component-annotations/2.1.0/plexus-component-annotations-2.1.0.jar:/Users/wzore/.m2/repository/org/apache/maven/maven-plugin-api/3.8.4/maven-plugin-api-3.8.4.jar:/Users/wzore/.m2/repository/org/apache/maven/maven-model/3.8.4/maven-model-3.8.4.jar:/Users/wzore/.m2/repository/org/apache/maven/maven-model-builder/3.8.4/maven-model-builder-3.8.4.jar:/Users/wzore/.m2/repository/org/apache/maven/maven-builder-support/3.8.4/maven-builder-support-3.8.4.jar:/Users/wzore/.m2/repository/org/apache/maven/resolver/maven-resolver-api/1.6.3/maven-resolver-api-1.6.3.jar:/Users/wzore/.m2/repository/org/apache/maven/resolver/maven-resolver-util/1.6.3/maven-resolver-util-1.6.3.jar:/Users/wzore/.m2/repository/org/apache/maven/shared/maven-shared-utils/3.3.4/maven-shared-utils-3.3.4.jar:/Users/wzore/.m2/repository/commons-io/commons-io/2.11.0/commons-io-2.11.0.jar:/Users/wzore/.m2/repository/com/google/inject/guice/4.2.2/guice-4.2.2-no_aop.jar:/Users/wzore/.m2/repository/com/google/guava/guava/30.1.1-jre/guava-30.1.1-jre.jar:/Users/wzore/.m2/repository/com/google/guava/failureaccess/1.0.1/failureaccess-1.0.1.jar:/Users/wzore/.m2/repository/com/google/guava/listenablefuture/9999.0-empty-to-avoid-conflict-with-guava/listenablefuture-9999.0-empty-to-avoid-conflict-with-guava.jar:/Users/wzore/.m2/repository/org/codehaus/plexus/plexus-classworlds/2.6.0/plexus-classworlds-2.6.0.jar:/Users/wzore/.m2/repository/org/codehaus/plexus/plexus-sec-dispatcher/2.0/plexus-sec-dispatcher-2.0.jar:/Users/wzore/.m2/repository/org/codehaus/plexus/plexus-cipher/2.0/plexus-cipher-2.0.jar:/Users/wzore/.m2/repository/commons-cli/commons-cli/1.4/commons-cli-1.4.jar:/Users/wzore/.m2/repository/org/eclipse/sisu/org.eclipse.sisu.plexus/0.3.5/org.eclipse.sisu.plexus-0.3.5.jar:/Users/wzore/.m2/repository/org/apache/maven/maven-settings-builder/3.8.4/maven-settings-builder-3.8.4.jar:/Users/wzore/.m2/repository/org/codehaus/plexus/plexus-interpolation/1.26/plexus-interpolation-1.26.jar:/Users/wzore/.m2/repository/org/apache/maven/maven-resolver-provider/3.8.4/maven-resolver-provider-3.8.4.jar:/Users/wzore/.m2/repository/org/apache/maven/maven-repository-metadata/3.8.4/maven-repository-metadata-3.8.4.jar:/Users/wzore/.m2/repository/org/apache/maven/resolver/maven-resolver-spi/1.6.3/maven-resolver-spi-1.6.3.jar:/Users/wzore/.m2/repository/org/apache/maven/resolver/maven-resolver-impl/1.6.3/maven-resolver-impl-1.6.3.jar:/Users/wzore/.m2/repository/org/codehaus/plexus/plexus-utils/3.3.0/plexus-utils-3.3.0.jar:/Users/wzore/.m2/repository/org/apache/maven/resolver/maven-resolver-connector-basic/1.6.3/maven-resolver-connector-basic-1.6.3.jar:/Users/wzore/.m2/repository/org/apache/maven/resolver/maven-resolver-transport-wagon/1.6.3/maven-resolver-transport-wagon-1.6.3.jar:/Users/wzore/.m2/repository/org/apache/maven/wagon/wagon-http/3.4.3/wagon-http-3.4.3.jar:/Users/wzore/.m2/repository/org/apache/maven/wagon/wagon-http-shared/3.4.3/wagon-http-shared-3.4.3.jar:/Users/wzore/.m2/repository/org/jsoup/jsoup/1.14.2/jsoup-1.14.2.jar:/Users/wzore/.m2/repository/org/apache/maven/wagon/wagon-provider-api/3.4.3/wagon-provider-api-3.4.3.jar:/Users/wzore/.m2/repository/org/apache/maven/wagon/wagon-file/3.4.3/wagon-file-3.4.3.jar:/Users/wzore/.m2/repository/io/quarkus/quarkus-bootstrap-gradle-resolver/2.6.1.Final/quarkus-bootstrap-gradle-resolver-2.6.1.Final.jar:/Users/wzore/.m2/repository/io/smallrye/common/smallrye-common-io/1.8.0/smallrye-common-io-1.8.0.jar:/Users/wzore/.m2/repository/org/eclipse/sisu/org.eclipse.sisu.inject/0.3.5/org.eclipse.sisu.inject-0.3.5.jar:/Users/wzore/.m2/repository/io/quarkus/quarkus-test-common/2.6.1.Final/quarkus-test-common-2.6.1.Final.jar:/Users/wzore/.m2/repository/io/quarkus/quarkus-core-deployment/2.6.1.Final/quarkus-core-deployment-2.6.1.Final.jar:/Users/wzore/.m2/repository/org/aesh/readline/2.1/readline-2.1.jar:/Users/wzore/.m2/repository/org/fusesource/jansi/jansi/1.18/jansi-1.18.jar:/Users/wzore/.m2/repository/io/quarkus/gizmo/gizmo/1.0.10.Final/gizmo-1.0.10.Final.jar:/Users/wzore/.m2/repository/org/ow2/asm/asm-util/9.2/asm-util-9.2.jar:/Users/wzore/.m2/repository/org/ow2/asm/asm/9.2/asm-9.2.jar:/Users/wzore/.m2/repository/org/ow2/asm/asm-commons/9.2/asm-commons-9.2.jar:/Users/wzore/.m2/repository/org/ow2/asm/asm-tree/9.2/asm-tree-9.2.jar:/Users/wzore/.m2/repository/org/ow2/asm/asm-analysis/9.2/asm-analysis-9.2.jar:/Users/wzore/.m2/repository/io/quarkus/quarkus-class-change-agent/2.6.1.Final/quarkus-class-change-agent-2.6.1.Final.jar:/Users/wzore/.m2/repository/io/quarkus/quarkus-devtools-utilities/2.6.1.Final/quarkus-devtools-utilities-2.6.1.Final.jar:/Users/wzore/.m2/repository/io/quarkus/quarkus-builder/2.6.1.Final/quarkus-builder-2.6.1.Final.jar:/Users/wzore/.m2/repository/org/junit/platform/junit-platform-launcher/1.8.2/junit-platform-launcher-1.8.2.jar:/Users/wzore/.m2/repository/io/quarkus/quarkus-jsonp-deployment/2.6.1.Final/quarkus-jsonp-deployment-2.6.1.Final.jar:/Users/wzore/.m2/repository/io/quarkus/quarkus-jsonp/2.6.1.Final/quarkus-jsonp-2.6.1.Final.jar:/Users/wzore/.m2/repository/org/glassfish/jakarta.json/1.1.6/jakarta.json-1.1.6.jar:/Users/wzore/.m2/repository/org/jboss/jandex/2.4.1.Final/jandex-2.4.1.Final.jar:/Users/wzore/.m2/repository/org/jboss/logging/commons-logging-jboss-logging/1.0.0.Final/commons-logging-jboss-logging-1.0.0.Final.jar:/Users/wzore/.m2/repository/io/quarkus/quarkus-junit5-properties/2.6.1.Final/quarkus-junit5-properties-2.6.1.Final.jar:/Users/wzore/.m2/repository/org/junit/jupiter/junit-jupiter/5.8.2/junit-jupiter-5.8.2.jar:/Users/wzore/.m2/repository/org/junit/jupiter/junit-jupiter-api/5.8.2/junit-jupiter-api-5.8.2.jar:/Users/wzore/.m2/repository/org/opentest4j/opentest4j/1.2.0/opentest4j-1.2.0.jar:/Users/wzore/.m2/repository/org/junit/platform/junit-platform-commons/1.8.2/junit-platform-commons-1.8.2.jar:/Users/wzore/.m2/repository/org/apiguardian/apiguardian-api/1.1.2/apiguardian-api-1.1.2.jar:/Users/wzore/.m2/repository/org/junit/jupiter/junit-jupiter-params/5.8.2/junit-jupiter-params-5.8.2.jar:/Users/wzore/.m2/repository/org/junit/jupiter/junit-jupiter-engine/5.8.2/junit-jupiter-engine-5.8.2.jar:/Users/wzore/.m2/repository/org/junit/platform/junit-platform-engine/1.8.2/junit-platform-engine-1.8.2.jar:/Users/wzore/.m2/repository/com/thoughtworks/xstream/xstream/1.4.18/xstream-1.4.18.jar:/Users/wzore/.m2/repository/io/github/x-stream/mxparser/1.2.2/mxparser-1.2.2.jar:/Users/wzore/.m2/repository/xmlpull/xmlpull/1.1.3.1/xmlpull-1.1.3.1.jar:/Users/wzore/.m2/repository/io/rest-assured/rest-assured/4.4.0/rest-assured-4.4.0.jar:/Users/wzore/.m2/repository/org/codehaus/groovy/groovy/3.0.8/groovy-3.0.8.jar:/Users/wzore/.m2/repository/org/codehaus/groovy/groovy-xml/3.0.8/groovy-xml-3.0.8.jar:/Users/wzore/.m2/repository/org/apache/httpcomponents/httpclient/4.5.13/httpclient-4.5.13.jar:/Users/wzore/.m2/repository/org/apache/httpcomponents/httpcore/4.4.15/httpcore-4.4.15.jar:/Users/wzore/.m2/repository/commons-codec/commons-codec/1.15/commons-codec-1.15.jar:/Users/wzore/.m2/repository/org/apache/httpcomponents/httpmime/4.5.13/httpmime-4.5.13.jar:/Users/wzore/.m2/repository/org/hamcrest/hamcrest/2.1/hamcrest-2.1.jar:/Users/wzore/.m2/repository/org/ccil/cowan/tagsoup/tagsoup/1.2.1/tagsoup-1.2.1.jar:/Users/wzore/.m2/repository/io/rest-assured/json-path/4.4.0/json-path-4.4.0.jar:/Users/wzore/.m2/repository/org/codehaus/groovy/groovy-json/3.0.8/groovy-json-3.0.8.jar:/Users/wzore/.m2/repository/io/rest-assured/rest-assured-common/4.4.0/rest-assured-common-4.4.0.jar:/Users/wzore/.m2/repository/io/rest-assured/xml-path/4.4.0/xml-path-4.4.0.jar:/Users/wzore/.m2/repository/org/apache/commons/commons-lang3/3.12.0/commons-lang3-3.12.0.jar:/Users/wzore/.m2/repository/jakarta/xml/bind/jakarta.xml.bind-api/2.3.3/jakarta.xml.bind-api-2.3.3.jar:/Users/wzore/.m2/repository/com/sun/xml/bind/jaxb-impl/2.3.3/jaxb-impl-2.3.3.jar:"/>
    <property name="sun.cpu.endian" value="little"/>
    <property name="user.home" value="/Users/wzore"/>
    <property name="user.language" value="en"/>
    <property name="java.specification.vendor" value="Oracle Corporation"/>
    <property name="io.netty.allocator.maxOrder" value="3"/>
    <property name="java.version.date" value="2022-01-18"/>
    <property name="java.home" value="/Users/wzore/.sdkman/candidates/java/17.0.2-open"/>
    <property name="org.testcontainers.shaded.io.netty.packagePrefix" value="org.testcontainers.shaded."/>
    <property name="file.separator" value="/"/>
    <property name="basedir" value="/Users/wzore/Documents/repos/moovium"/>
    <property name="java.vm.compressedOopsMode" value="Zero based"/>
    <property name="line.separator" value="&#10;"/>
    <property name="java.vm.specification.vendor" value="Oracle Corporation"/>
    <property name="java.specification.name" value="Java Platform API Specification"/>
    <property name="surefire.real.class.path" value="/Users/wzore/Documents/repos/moovium/target/surefire/surefirebooter17395901765210708819.jar"/>
    <property name="sun.management.compiler" value="HotSpot 64-Bit Tiered Compilers"/>
    <property name="ftp.nonProxyHosts" value="local|*.local|169.254/16|*.169.254/16"/>
    <property name="java.runtime.version" value="17.0.2+8-86"/>
    <property name="user.name" value="wzore"/>
    <property name="com.mysql.cj.disableAbandonedConnectionCleanup" value="true"/>
    <property name="path.separator" value=":"/>
    <property name="os.version" value="10.15.7"/>
    <property name="java.runtime.name" value="OpenJDK Runtime Environment"/>
    <property name="file.encoding" value="UTF-8"/>
    <property name="java.vm.name" value="OpenJDK 64-Bit Server VM"/>
    <property name="localRepository" value="/Users/wzore/.m2/repository"/>
    <property name="java.vendor.url.bug" value="https://bugreport.java.com/bugreport/"/>
    <property name="java.io.tmpdir" value="/var/folders/4r/tllf9nhd2q5gycs1t27slmvhl3_fds/T/"/>
    <property name="quarkus.log.file.path" value="target/quarkus.log"/>
    <property name="java.version" value="17.0.2"/>
    <property name="java.util.concurrent.ForkJoinPool.common.threadFactory" value="io.quarkus.bootstrap.forkjoin.QuarkusForkJoinWorkerThreadFactory"/>
    <property name="user.dir" value="/Users/wzore/Documents/repos/moovium"/>
    <property name="os.arch" value="x86_64"/>
    <property name="hibernate.bytecode.provider" value="none"/>
    <property name="java.vm.specification.name" value="Java Virtual Machine Specification"/>
    <property name="vertx.disableDnsResolver" value="true"/>
    <property name="native.encoding" value="UTF-8"/>
    <property name="java.util.logging.manager" value="org.jboss.logmanager.LogManager"/>
    <property name="java.library.path" value="/Users/wzore/Library/Java/Extensions:/Library/Java/Extensions:/Network/Library/Java/Extensions:/System/Library/Java/Extensions:/usr/lib/java:."/>
    <property name="java.vm.info" value="mixed mode, sharing"/>
    <property name="java.vendor" value="Oracle Corporation"/>
    <property name="vertx.disableTCCL" value="true"/>
    <property name="java.vm.version" value="17.0.2+8-86"/>
    <property name="sun.io.unicode.encoding" value="UnicodeBig"/>
    <property name="io.netty.machineId" value="c4:de:aa:a2:a0:41:b7:c5"/>
    <property name="socksNonProxyHosts" value="local|*.local|169.254/16|*.169.254/16"/>
    <property name="java.class.version" value="61.0"/>
  </properties>
  <testcase name="testHelloEndpoint" classname="org.movium.GreetingResourceTest" time="0.998">
    <system-out><![CDATA[2022-01-26 10:57:47,553 WARN  [org.tes.uti.TestcontainersConfiguration] (build-22) Attempted to read Testcontainers configuration file at file:/Users/wzore/.testcontainers.properties but the file was not found. Exception message: FileNotFoundException: /Users/wzore/.testcontainers.properties (No such file or directory)
2022-01-26 10:57:48,000 INFO  [org.tes.doc.DockerClientProviderStrategy] (build-22) Found Docker environment with local Unix socket (unix:///var/run/docker.sock)
2022-01-26 10:57:48,007 INFO  [org.tes.DockerClientFactory] (build-22) Docker host IP address is localhost
2022-01-26 10:57:48,051 INFO  [org.tes.DockerClientFactory] (build-22) Connected to docker: 
  Server Version: 20.10.12
  API Version: 1.41
  Operating System: Docker Desktop
  Total Memory: 1985 MB
2022-01-26 10:57:48,054 INFO  [org.tes.uti.ImageNameSubstitutor] (build-22) Image name substitution will be performed by: DefaultImageNameSubstitutor (composite of 'ConfigurationFileImageNameSubstitutor' and 'PrefixingImageNameSubstitutor')
2022-01-26 10:57:48,244 INFO  [org.tes.uti.RegistryAuthLocator] (build-22) Credential helper/store (docker-credential-desktop) does not have credentials for index.docker.io
2022-01-26 10:57:54,578 INFO  [org.tes.DockerClientFactory] (docker-java-stream--1007472360) Starting to pull image
2022-01-26 10:57:54,598 INFO  [org.tes.DockerClientFactory] (docker-java-stream--1007472360) Pulling image layers:  0 pending,  0 downloaded,  0 extracted, (0 bytes/0 bytes)
2022-01-26 10:57:57,841 INFO  [org.tes.DockerClientFactory] (docker-java-stream--1007472360) Pulling image layers:  2 pending,  1 downloaded,  0 extracted, (1 MB/? MB)
2022-01-26 10:57:57,931 INFO  [org.tes.DockerClientFactory] (docker-java-stream--1007472360) Pulling image layers:  1 pending,  2 downloaded,  0 extracted, (1 MB/? MB)
2022-01-26 10:57:58,563 INFO  [org.tes.DockerClientFactory] (docker-java-stream--1007472360) Pulling image layers:  1 pending,  2 downloaded,  1 extracted, (4 MB/? MB)
2022-01-26 10:57:58,679 INFO  [org.tes.DockerClientFactory] (docker-java-stream--1007472360) Pulling image layers:  1 pending,  2 downloaded,  2 extracted, (4 MB/? MB)
2022-01-26 10:57:58,844 INFO  [org.tes.DockerClientFactory] (docker-java-stream--1007472360) Pulling image layers:  1 pending,  2 downloaded,  3 extracted, (5 MB/? MB)
2022-01-26 10:57:58,854 INFO  [org.tes.DockerClientFactory] (docker-java-stream--1007472360) Pull complete. 3 layers, pulled in 4s (downloaded 5 MB at 1 MB/s)
2022-01-26 10:57:59,375 INFO  [org.tes.DockerClientFactory] (build-22) Ryuk started - will monitor and terminate Testcontainers containers on JVM exit
2022-01-26 10:57:59,375 INFO  [org.tes.DockerClientFactory] (build-22) Checking the system...
2022-01-26 10:57:59,376 INFO  [org.tes.DockerClientFactory] (build-22) ✔︎ Docker server version should be at least 1.6.0
2022-01-26 10:57:59,488 INFO  [org.tes.DockerClientFactory] (build-22) ✔︎ Docker environment should have more than 2GB free disk space
2022-01-26 10:57:59,517 INFO  [🐳 .io/.0.24]] (build-22) Pulling docker image: docker.io/mysql:8.0.24. Please be patient; this may take some time but only needs to be done once.
2022-01-26 10:57:59,563 INFO  [org.tes.uti.RegistryAuthLocator] (build-22) Credential helper/store (docker-credential-desktop) does not have credentials for docker.io
2022-01-26 10:58:06,771 INFO  [🐳 .io/.0.24]] (docker-java-stream-999822793) Starting to pull image
2022-01-26 10:58:06,772 INFO  [🐳 .io/.0.24]] (docker-java-stream-999822793) Pulling image layers:  0 pending,  0 downloaded,  0 extracted, (0 bytes/0 bytes)
2022-01-26 10:58:09,848 INFO  [🐳 .io/.0.24]] (docker-java-stream-999822793) Pulling image layers: 11 pending,  1 downloaded,  0 extracted, (3 MB/? MB)
2022-01-26 10:58:12,559 INFO  [🐳 .io/.0.24]] (docker-java-stream-999822793) Pulling image layers: 10 pending,  2 downloaded,  0 extracted, (21 MB/? MB)
2022-01-26 10:58:12,888 INFO  [🐳 .io/.0.24]] (docker-java-stream-999822793) Pulling image layers:  9 pending,  3 downloaded,  0 extracted, (23 MB/? MB)
2022-01-26 10:58:14,132 INFO  [🐳 .io/.0.24]] (docker-java-stream-999822793) Pulling image layers:  8 pending,  4 downloaded,  0 extracted, (30 MB/? MB)
2022-01-26 10:58:16,050 INFO  [🐳 .io/.0.24]] (docker-java-stream-999822793) Pulling image layers:  8 pending,  4 downloaded,  1 extracted, (36 MB/? MB)
2022-01-26 10:58:16,128 INFO  [🐳 .io/.0.24]] (docker-java-stream-999822793) Pulling image layers:  8 pending,  4 downloaded,  2 extracted, (37 MB/? MB)
2022-01-26 10:58:16,497 INFO  [🐳 .io/.0.24]] (docker-java-stream-999822793) Pulling image layers:  8 pending,  4 downloaded,  3 extracted, (39 MB/? MB)
2022-01-26 10:58:16,588 INFO  [🐳 .io/.0.24]] (docker-java-stream-999822793) Pulling image layers:  7 pending,  5 downloaded,  3 extracted, (40 MB/? MB)
2022-01-26 10:58:16,665 INFO  [🐳 .io/.0.24]] (docker-java-stream-999822793) Pulling image layers:  7 pending,  5 downloaded,  4 extracted, (40 MB/? MB)
2022-01-26 10:58:17,177 INFO  [🐳 .io/.0.24]] (docker-java-stream-999822793) Pulling image layers:  6 pending,  6 downloaded,  4 extracted, (43 MB/? MB)
2022-01-26 10:58:18,034 INFO  [🐳 .io/.0.24]] (docker-java-stream-999822793) Pulling image layers:  5 pending,  7 downloaded,  4 extracted, (43 MB/? MB)
2022-01-26 10:58:18,101 INFO  [🐳 .io/.0.24]] (docker-java-stream-999822793) Pulling image layers:  5 pending,  7 downloaded,  5 extracted, (43 MB/? MB)
2022-01-26 10:58:18,121 INFO  [🐳 .io/.0.24]] (docker-java-stream-999822793) Pulling image layers:  4 pending,  8 downloaded,  5 extracted, (43 MB/? MB)
2022-01-26 10:58:19,156 INFO  [🐳 .io/.0.24]] (docker-java-stream-999822793) Pulling image layers:  4 pending,  8 downloaded,  6 extracted, (45 MB/? MB)
2022-01-26 10:58:19,238 INFO  [🐳 .io/.0.24]] (docker-java-stream-999822793) Pulling image layers:  4 pending,  8 downloaded,  7 extracted, (45 MB/? MB)
2022-01-26 10:58:19,316 INFO  [🐳 .io/.0.24]] (docker-java-stream-999822793) Pulling image layers:  4 pending,  8 downloaded,  8 extracted, (45 MB/? MB)
2022-01-26 10:58:19,376 INFO  [🐳 .io/.0.24]] (docker-java-stream-999822793) Pulling image layers:  3 pending,  9 downloaded,  8 extracted, (46 MB/? MB)
2022-01-26 10:58:19,508 INFO  [🐳 .io/.0.24]] (docker-java-stream-999822793) Pulling image layers:  2 pending, 10 downloaded,  8 extracted, (47 MB/? MB)
2022-01-26 10:58:20,962 INFO  [🐳 .io/.0.24]] (docker-java-stream-999822793) Pulling image layers:  1 pending, 11 downloaded,  8 extracted, (56 MB/? MB)
2022-01-26 10:58:51,421 INFO  [🐳 .io/.0.24]] (docker-java-stream-999822793) Pulling image layers:  0 pending, 12 downloaded,  8 extracted, (154 MB/154 MB)
2022-01-26 10:58:56,870 INFO  [🐳 .io/.0.24]] (docker-java-stream-999822793) Pulling image layers:  0 pending, 12 downloaded,  9 extracted, (154 MB/154 MB)
2022-01-26 10:58:56,936 INFO  [🐳 .io/.0.24]] (docker-java-stream-999822793) Pulling image layers:  0 pending, 12 downloaded, 10 extracted, (154 MB/154 MB)
2022-01-26 10:58:56,996 INFO  [🐳 .io/.0.24]] (docker-java-stream-999822793) Pulling image layers:  0 pending, 12 downloaded, 11 extracted, (154 MB/154 MB)
2022-01-26 10:58:57,054 INFO  [🐳 .io/.0.24]] (docker-java-stream-999822793) Pulling image layers:  0 pending, 12 downloaded, 12 extracted, (154 MB/154 MB)
2022-01-26 10:58:57,065 INFO  [🐳 .io/.0.24]] (docker-java-stream-999822793) Pull complete. 12 layers, pulled in 50s (downloaded 154 MB at 3 MB/s)
2022-01-26 10:58:57,083 INFO  [🐳 .io/.0.24]] (build-22) Creating container for image: docker.io/mysql:8.0.24
2022-01-26 10:58:57,346 INFO  [🐳 .io/.0.24]] (build-22) Starting container with ID: 5fd169f7ae5f80ed2fe7dd10242857a81ebcc762dbfb98be9c797e804766f7a0
2022-01-26 10:58:57,646 INFO  [🐳 .io/.0.24]] (build-22) Container docker.io/mysql:8.0.24 is starting: 5fd169f7ae5f80ed2fe7dd10242857a81ebcc762dbfb98be9c797e804766f7a0
2022-01-26 10:58:57,662 INFO  [🐳 .io/.0.24]] (build-22) Waiting for database connection to become available at jdbc:mysql://localhost:50595/default using query 'SELECT 1'
2022-01-26 10:59:09,667 INFO  [🐳 .io/.0.24]] (build-22) Container is started (JDBC URL: jdbc:mysql://localhost:50595/default)
2022-01-26 10:59:09,668 INFO  [🐳 .io/.0.24]] (build-22) Container docker.io/mysql:8.0.24 started in PT1M10.162064S
2022-01-26 10:59:09,668 INFO  [io.qua.dev.mys.dep.MySQLDevServicesProcessor] (build-22) Dev Services for MySQL started.
2022-01-26 10:59:09,669 INFO  [io.qua.dat.dep.dev.DevServicesDatasourceProcessor] (build-22) Dev Services for the default datasource (mysql) started.
2022-01-26 10:59:11,331 INFO  [io.quarkus] (main) Quarkus 2.6.1.Final on JVM started in 84.723s. Listening on: http://localhost:8081
2022-01-26 10:59:11,331 INFO  [io.quarkus] (main) Profile test activated. 
2022-01-26 10:59:11,331 INFO  [io.quarkus] (main) Installed features: [agroal, cdi, hibernate-orm, jdbc-mysql, narayana-jta, resteasy, resteasy-jackson, smallrye-context-propagation, vertx]
]]></system-out>
  </testcase>
</testsuite>